2024-03-04 14:17:49.840 [info] Log level: Info
2024-03-04 14:17:49.840 [info] Validating found git in: "git"
2024-03-04 14:17:49.840 [info] Using git "2.34.1" from "git"
2024-03-04 14:17:49.840 [info] > git rev-parse --show-toplevel [8ms]
2024-03-04 14:17:49.840 [info] fatal: not a git repository (or any of the parent directories): .git
2024-03-04 14:17:49.846 [info] > git rev-parse --show-toplevel [2ms]
2024-03-04 14:17:49.846 [info] fatal: not a git repository (or any of the parent directories): .git
2024-03-04 14:17:49.851 [info] > git rev-parse --show-toplevel [2ms]
2024-03-04 14:17:49.851 [info] fatal: not a git repository (or any of the parent directories): .git
2024-03-04 14:17:49.856 [info] > git rev-parse --show-toplevel [2ms]
2024-03-04 14:17:49.856 [info] fatal: not a git repository (or any of the parent directories): .git
2024-03-04 14:17:49.866 [info] > git rev-parse --show-toplevel [7ms]
2024-03-04 14:17:49.866 [info] fatal: not a git repository (or any of the parent directories): .git
2024-03-04 14:17:49.891 [info] > git rev-parse --show-toplevel [9ms]
2024-03-04 14:17:49.891 [info] fatal: not a git repository (or any of the parent directories): .git
2024-03-04 14:17:49.902 [info] > git rev-parse --show-toplevel [4ms]
2024-03-04 14:17:49.902 [info] fatal: not a git repository (or any of the parent directories): .git
2024-03-04 14:17:49.912 [info] > git rev-parse --show-toplevel [3ms]
2024-03-04 14:17:49.912 [info] fatal: not a git repository (or any of the parent directories): .git
2024-03-04 14:17:49.922 [info] > git rev-parse --show-toplevel [4ms]
2024-03-04 14:17:49.922 [info] fatal: not a git repository (or any of the parent directories): .git
2024-03-04 14:18:35.573 [info] > git rev-parse --show-toplevel [3ms]
2024-03-04 14:18:35.573 [info] fatal: not a git repository (or any of the parent directories): .git
2024-03-04 14:28:42.784 [info] > git rev-parse --show-toplevel [2ms]
2024-03-04 14:28:42.784 [info] fatal: not a git repository (or any of the parent directories): .git
2024-03-04 14:35:39.555 [info] > git rev-parse --show-toplevel [3ms]
2024-03-04 14:35:39.555 [info] fatal: not a git repository (or any of the parent directories): .git
2024-03-04 14:37:41.842 [info] > git rev-parse --show-toplevel [2ms]
2024-03-04 14:37:41.842 [info] fatal: not a git repository (or any of the parent directories): .git
2024-03-04 14:37:45.919 [info] > git rev-parse --show-toplevel [2ms]
2024-03-04 14:37:45.919 [info] fatal: not a git repository (or any of the parent directories): .git
2024-03-04 14:37:50.798 [info] > git rev-parse --show-toplevel [2ms]
2024-03-04 14:37:50.798 [info] fatal: not a git repository (or any of the parent directories): .git
2024-03-04 14:43:53.469 [info] > git rev-parse --show-toplevel [2ms]
2024-03-04 14:43:53.469 [info] fatal: not a git repository (or any of the parent directories): .git
2024-03-04 14:44:00.682 [info] > git rev-parse --show-toplevel [2ms]
2024-03-04 14:44:00.682 [info] fatal: not a git repository (or any of the parent directories): .git
2024-03-04 15:22:40.245 [info] > git rev-parse --show-toplevel [2ms]
2024-03-04 15:22:40.251 [info] > git rev-parse --git-dir --git-common-dir [2ms]
2024-03-04 15:22:40.267 [info] Open repository: /home/ubuntu/lab4/devops-pythonfront-back-docker
2024-03-04 15:22:40.284 [info] > git config --get commit.template [10ms]
2024-03-04 15:22:40.290 [info] > git for-each-ref --format=%(refname)%00%(upstream:short)%00%(objectname)%00%(upstream:track)%00%(upstream:remotename)%00%(upstream:remoteref) refs/heads/master refs/remotes/master [7ms]
2024-03-04 15:22:40.299 [info] > git status -z -uall [4ms]
2024-03-04 15:22:40.317 [info] > git config --get commit.template [6ms]
2024-03-04 15:22:40.324 [info] > git for-each-ref --format=%(refname)%00%(upstream:short)%00%(objectname)%00%(upstream:track)%00%(upstream:remotename)%00%(upstream:remoteref) refs/heads/master refs/remotes/master [9ms]
2024-03-04 15:22:40.334 [info] > git status -z -uall [2ms]
2024-03-04 15:22:41.704 [info] > git config --get commit.template [6ms]
2024-03-04 15:22:41.706 [info] > git for-each-ref --format=%(refname)%00%(upstream:short)%00%(objectname)%00%(upstream:track)%00%(upstream:remotename)%00%(upstream:remoteref) refs/heads/main refs/remotes/main [3ms]
2024-03-04 15:22:41.713 [info] > git status -z -uall [2ms]
2024-03-04 15:22:50.630 [info] > git check-ignore -v -z --stdin [3ms]
2024-03-04 15:23:07.707 [info] > git check-ignore -v -z --stdin [5ms]
2024-03-04 15:23:09.369 [info] > git show --textconv :backend/Dockerfile [8ms]
2024-03-04 15:23:09.372 [info] > git ls-files --stage -- /home/ubuntu/lab4/devops-pythonfront-back-docker/backend/Dockerfile [4ms]
2024-03-04 15:23:09.377 [info] > git cat-file -s aa155bc76e43b1be0ded541b90ee86c0723cd4bf [2ms]
2024-03-04 15:23:11.835 [info] > git show --textconv :backend/app.py [6ms]
2024-03-04 15:23:11.837 [info] > git ls-files --stage -- /home/ubuntu/lab4/devops-pythonfront-back-docker/backend/app.py [3ms]
2024-03-04 15:23:11.842 [info] > git cat-file -s 0b88c2db5105b4702f8f3484b8937a11dc441571 [2ms]
2024-03-04 15:23:29.250 [info] > git show --textconv :backend/Dockerfile [5ms]
2024-03-04 15:23:29.252 [info] > git ls-files --stage -- /home/ubuntu/lab4/devops-pythonfront-back-docker/backend/Dockerfile [3ms]
2024-03-04 15:23:29.257 [info] > git cat-file -s aa155bc76e43b1be0ded541b90ee86c0723cd4bf [2ms]
2024-03-04 15:23:55.093 [info] > git show --textconv :backend/backend.yaml [5ms]
2024-03-04 15:23:55.096 [info] > git ls-files --stage -- /home/ubuntu/lab4/devops-pythonfront-back-docker/backend/backend.yaml [3ms]
2024-03-04 15:23:55.308 [info] > git check-ignore -v -z --stdin [2ms]
2024-03-04 15:23:55.821 [info] > git config --get commit.template [6ms]
2024-03-04 15:23:55.823 [info] > git for-each-ref --format=%(refname)%00%(upstream:short)%00%(objectname)%00%(upstream:track)%00%(upstream:remotename)%00%(upstream:remoteref) refs/heads/main refs/remotes/main [3ms]
2024-03-04 15:23:55.830 [info] > git status -z -uall [3ms]
2024-03-04 15:25:55.016 [info] > git check-ignore -v -z --stdin [2ms]
2024-03-04 15:26:13.185 [info] > git show --textconv :frontend/frontend.yaml [6ms]
2024-03-04 15:26:13.188 [info] > git ls-files --stage -- /home/ubuntu/lab4/devops-pythonfront-back-docker/frontend/frontend.yaml [4ms]
2024-03-04 15:26:13.425 [info] > git check-ignore -v -z --stdin [2ms]
2024-03-04 15:26:14.020 [info] > git config --get commit.template [5ms]
2024-03-04 15:26:14.021 [info] > git for-each-ref --format=%(refname)%00%(upstream:short)%00%(objectname)%00%(upstream:track)%00%(upstream:remotename)%00%(upstream:remoteref) refs/heads/main refs/remotes/main [2ms]
2024-03-04 15:26:14.027 [info] > git status -z -uall [2ms]
2024-03-04 15:28:10.667 [info] > git config --get commit.template [7ms]
2024-03-04 15:28:10.669 [info] > git for-each-ref --format=%(refname)%00%(upstream:short)%00%(objectname)%00%(upstream:track)%00%(upstream:remotename)%00%(upstream:remoteref) refs/heads/main refs/remotes/main [3ms]
2024-03-04 15:28:10.675 [info] > git status -z -uall [3ms]
2024-03-04 15:28:59.662 [info] > git config --get commit.template [5ms]
2024-03-04 15:28:59.664 [info] > git for-each-ref --format=%(refname)%00%(upstream:short)%00%(objectname)%00%(upstream:track)%00%(upstream:remotename)%00%(upstream:remoteref) refs/heads/main refs/remotes/main [3ms]
2024-03-04 15:28:59.669 [info] > git status -z -uall [2ms]
2024-03-04 15:29:04.684 [info] > git config --get commit.template [5ms]
2024-03-04 15:29:04.686 [info] > git for-each-ref --format=%(refname)%00%(upstream:short)%00%(objectname)%00%(upstream:track)%00%(upstream:remotename)%00%(upstream:remoteref) refs/heads/main refs/remotes/main [2ms]
2024-03-04 15:29:04.692 [info] > git status -z -uall [3ms]
2024-03-04 15:29:10.392 [info] > git config --get commit.template [7ms]
2024-03-04 15:29:10.394 [info] > git for-each-ref --format=%(refname)%00%(upstream:short)%00%(objectname)%00%(upstream:track)%00%(upstream:remotename)%00%(upstream:remoteref) refs/heads/main refs/remotes/main [3ms]
2024-03-04 15:29:10.401 [info] > git status -z -uall [3ms]
2024-03-04 15:29:15.417 [info] > git config --get commit.template [7ms]
2024-03-04 15:29:15.420 [info] > git for-each-ref --format=%(refname)%00%(upstream:short)%00%(objectname)%00%(upstream:track)%00%(upstream:remotename)%00%(upstream:remoteref) refs/heads/main refs/remotes/main [4ms]
2024-03-04 15:29:15.425 [info] > git status -z -uall [2ms]
2024-03-04 15:29:20.441 [info] > git config --get commit.template [6ms]
2024-03-04 15:29:20.442 [info] > git for-each-ref --format=%(refname)%00%(upstream:short)%00%(objectname)%00%(upstream:track)%00%(upstream:remotename)%00%(upstream:remoteref) refs/heads/main refs/remotes/main [2ms]
2024-03-04 15:29:20.448 [info] > git status -z -uall [2ms]
2024-03-04 15:29:30.286 [info] > git rev-parse --show-toplevel [3ms]
2024-03-04 15:29:30.286 [info] fatal: not a git repository (or any of the parent directories): .git
2024-03-04 15:31:29.963 [info] > git show --textconv :frontend/frontend.yaml [7ms]
2024-03-04 15:31:29.966 [info] > git ls-files --stage -- /home/ubuntu/lab4/devops-pythonfront-back-docker/frontend/frontend.yaml [4ms]
2024-03-04 15:32:30.329 [info] > git config --get commit.template [5ms]
2024-03-04 15:32:30.331 [info] > git for-each-ref --format=%(refname)%00%(upstream:short)%00%(objectname)%00%(upstream:track)%00%(upstream:remotename)%00%(upstream:remoteref) refs/heads/main refs/remotes/main [2ms]
2024-03-04 15:32:30.337 [info] > git status -z -uall [3ms]
2024-03-04 15:32:44.220 [info] > git show --textconv :backend/backend.yaml [5ms]
2024-03-04 15:32:44.222 [info] > git ls-files --stage -- /home/ubuntu/lab4/devops-pythonfront-back-docker/backend/backend.yaml [3ms]
2024-03-04 15:33:10.224 [info] > git config --get commit.template [6ms]
2024-03-04 15:33:10.226 [info] > git for-each-ref --format=%(refname)%00%(upstream:short)%00%(objectname)%00%(upstream:track)%00%(upstream:remotename)%00%(upstream:remoteref) refs/heads/main refs/remotes/main [3ms]
2024-03-04 15:33:10.231 [info] > git status -z -uall [2ms]
2024-03-04 15:37:16.556 [info] > git show --textconv :backend/backend-service.yaml [6ms]
2024-03-04 15:37:16.558 [info] > git ls-files --stage -- /home/ubuntu/lab4/devops-pythonfront-back-docker/backend/backend-service.yaml [4ms]
2024-03-04 15:37:16.781 [info] > git check-ignore -v -z --stdin [3ms]
2024-03-04 15:37:17.355 [info] > git config --get commit.template [5ms]
2024-03-04 15:37:17.357 [info] > git for-each-ref --format=%(refname)%00%(upstream:short)%00%(objectname)%00%(upstream:track)%00%(upstream:remotename)%00%(upstream:remoteref) refs/heads/main refs/remotes/main [3ms]
2024-03-04 15:37:17.362 [info] > git status -z -uall [2ms]
2024-03-04 15:37:22.376 [info] > git config --get commit.template [5ms]
2024-03-04 15:37:22.377 [info] > git for-each-ref --format=%(refname)%00%(upstream:short)%00%(objectname)%00%(upstream:track)%00%(upstream:remotename)%00%(upstream:remoteref) refs/heads/main refs/remotes/main [2ms]
2024-03-04 15:37:22.383 [info] > git status -z -uall [2ms]
2024-03-04 15:38:17.825 [info] > git config --get commit.template [6ms]
2024-03-04 15:38:17.827 [info] > git for-each-ref --format=%(refname)%00%(upstream:short)%00%(objectname)%00%(upstream:track)%00%(upstream:remotename)%00%(upstream:remoteref) refs/heads/main refs/remotes/main [3ms]
2024-03-04 15:38:17.833 [info] > git status -z -uall [2ms]
2024-03-04 15:38:22.845 [info] > git config --get commit.template [5ms]
2024-03-04 15:38:22.847 [info] > git for-each-ref --format=%(refname)%00%(upstream:short)%00%(objectname)%00%(upstream:track)%00%(upstream:remotename)%00%(upstream:remoteref) refs/heads/main refs/remotes/main [2ms]
2024-03-04 15:38:22.853 [info] > git status -z -uall [2ms]
2024-03-04 15:38:27.870 [info] > git config --get commit.template [5ms]
2024-03-04 15:38:27.872 [info] > git for-each-ref --format=%(refname)%00%(upstream:short)%00%(objectname)%00%(upstream:track)%00%(upstream:remotename)%00%(upstream:remoteref) refs/heads/main refs/remotes/main [3ms]
2024-03-04 15:38:27.878 [info] > git status -z -uall [2ms]
2024-03-04 15:38:32.892 [info] > git config --get commit.template [6ms]
2024-03-04 15:38:32.896 [info] > git for-each-ref --format=%(refname)%00%(upstream:short)%00%(objectname)%00%(upstream:track)%00%(upstream:remotename)%00%(upstream:remoteref) refs/heads/main refs/remotes/main [5ms]
2024-03-04 15:38:32.902 [info] > git status -z -uall [3ms]
2024-03-04 15:38:37.916 [info] > git config --get commit.template [5ms]
2024-03-04 15:38:37.917 [info] > git for-each-ref --format=%(refname)%00%(upstream:short)%00%(objectname)%00%(upstream:track)%00%(upstream:remotename)%00%(upstream:remoteref) refs/heads/main refs/remotes/main [2ms]
2024-03-04 15:38:37.923 [info] > git status -z -uall [2ms]
2024-03-04 15:38:45.606 [info] > git config --get commit.template [7ms]
2024-03-04 15:38:45.610 [info] > git for-each-ref --format=%(refname)%00%(upstream:short)%00%(objectname)%00%(upstream:track)%00%(upstream:remotename)%00%(upstream:remoteref) refs/heads/main refs/remotes/main [6ms]
2024-03-04 15:38:45.615 [info] > git status -z -uall [2ms]
2024-03-04 15:38:50.630 [info] > git config --get commit.template [5ms]
2024-03-04 15:38:50.632 [info] > git for-each-ref --format=%(refname)%00%(upstream:short)%00%(objectname)%00%(upstream:track)%00%(upstream:remotename)%00%(upstream:remoteref) refs/heads/main refs/remotes/main [3ms]
2024-03-04 15:38:50.638 [info] > git status -z -uall [2ms]
2024-03-04 15:38:55.651 [info] > git config --get commit.template [5ms]
2024-03-04 15:38:55.653 [info] > git for-each-ref --format=%(refname)%00%(upstream:short)%00%(objectname)%00%(upstream:track)%00%(upstream:remotename)%00%(upstream:remoteref) refs/heads/main refs/remotes/main [2ms]
2024-03-04 15:38:55.659 [info] > git status -z -uall [2ms]
2024-03-04 15:39:33.734 [info] > git show --textconv :frontend/frontend-service.yaml [6ms]
2024-03-04 15:39:33.737 [info] > git ls-files --stage -- /home/ubuntu/lab4/devops-pythonfront-back-docker/frontend/frontend-service.yaml [4ms]
2024-03-04 15:39:33.963 [info] > git check-ignore -v -z --stdin [2ms]
2024-03-04 15:39:34.475 [info] > git config --get commit.template [6ms]
2024-03-04 15:39:34.477 [info] > git for-each-ref --format=%(refname)%00%(upstream:short)%00%(objectname)%00%(upstream:track)%00%(upstream:remotename)%00%(upstream:remoteref) refs/heads/main refs/remotes/main [2ms]
2024-03-04 15:39:34.482 [info] > git status -z -uall [2ms]
2024-03-04 15:39:42.823 [info] > git config --get commit.template [6ms]
2024-03-04 15:39:42.828 [info] > git for-each-ref --format=%(refname)%00%(upstream:short)%00%(objectname)%00%(upstream:track)%00%(upstream:remotename)%00%(upstream:remoteref) refs/heads/main refs/remotes/main [6ms]
2024-03-04 15:39:42.841 [info] > git status -z -uall [7ms]
2024-03-04 15:39:47.853 [info] > git config --get commit.template [5ms]
2024-03-04 15:39:47.855 [info] > git for-each-ref --format=%(refname)%00%(upstream:short)%00%(objectname)%00%(upstream:track)%00%(upstream:remotename)%00%(upstream:remoteref) refs/heads/main refs/remotes/main [3ms]
2024-03-04 15:39:47.860 [info] > git status -z -uall [2ms]
2024-03-04 15:39:52.873 [info] > git config --get commit.template [5ms]
2024-03-04 15:39:52.875 [info] > git for-each-ref --format=%(refname)%00%(upstream:short)%00%(objectname)%00%(upstream:track)%00%(upstream:remotename)%00%(upstream:remoteref) refs/heads/main refs/remotes/main [2ms]
2024-03-04 15:39:52.881 [info] > git status -z -uall [3ms]
2024-03-04 15:40:03.668 [info] > git config --get commit.template [5ms]
2024-03-04 15:40:03.670 [info] > git for-each-ref --format=%(refname)%00%(upstream:short)%00%(objectname)%00%(upstream:track)%00%(upstream:remotename)%00%(upstream:remoteref) refs/heads/main refs/remotes/main [2ms]
2024-03-04 15:40:03.676 [info] > git status -z -uall [2ms]
2024-03-04 15:40:08.691 [info] > git config --get commit.template [6ms]
2024-03-04 15:40:08.693 [info] > git for-each-ref --format=%(refname)%00%(upstream:short)%00%(objectname)%00%(upstream:track)%00%(upstream:remotename)%00%(upstream:remoteref) refs/heads/main refs/remotes/main [2ms]
2024-03-04 15:40:08.698 [info] > git status -z -uall [2ms]
2024-03-04 15:40:13.712 [info] > git config --get commit.template [6ms]
2024-03-04 15:40:13.714 [info] > git for-each-ref --format=%(refname)%00%(upstream:short)%00%(objectname)%00%(upstream:track)%00%(upstream:remotename)%00%(upstream:remoteref) refs/heads/main refs/remotes/main [3ms]
2024-03-04 15:40:13.719 [info] > git status -z -uall [2ms]
2024-03-04 15:40:18.732 [info] > git config --get commit.template [5ms]
2024-03-04 15:40:18.734 [info] > git for-each-ref --format=%(refname)%00%(upstream:short)%00%(objectname)%00%(upstream:track)%00%(upstream:remotename)%00%(upstream:remoteref) refs/heads/main refs/remotes/main [2ms]
2024-03-04 15:40:18.740 [info] > git status -z -uall [2ms]
2024-03-04 15:48:14.494 [info] > git show --textconv :backend/backend-service.yaml [5ms]
2024-03-04 15:48:14.498 [info] > git ls-files --stage -- /home/ubuntu/lab4/devops-pythonfront-back-docker/backend/backend-service.yaml [4ms]
2024-03-04 15:48:16.212 [info] > git show --textconv :frontend/frontend.yaml [5ms]
2024-03-04 15:48:16.215 [info] > git ls-files --stage -- /home/ubuntu/lab4/devops-pythonfront-back-docker/frontend/frontend.yaml [3ms]
2024-03-04 15:53:18.714 [info] > git show --textconv :frontend/frontend-service.yaml [5ms]
2024-03-04 15:53:18.716 [info] > git ls-files --stage -- /home/ubuntu/lab4/devops-pythonfront-back-docker/frontend/frontend-service.yaml [3ms]
2024-03-04 15:54:28.151 [info] > git show --textconv :backend/backend-service.yaml [5ms]
2024-03-04 15:54:28.154 [info] > git ls-files --stage -- /home/ubuntu/lab4/devops-pythonfront-back-docker/backend/backend-service.yaml [3ms]
2024-03-04 15:54:36.642 [info] > git show --textconv :frontend/frontend-service.yaml [6ms]
2024-03-04 15:54:36.644 [info] > git ls-files --stage -- /home/ubuntu/lab4/devops-pythonfront-back-docker/frontend/frontend-service.yaml [3ms]
2024-03-04 15:54:44.281 [info] > git config --get commit.template [5ms]
2024-03-04 15:54:44.283 [info] > git for-each-ref --format=%(refname)%00%(upstream:short)%00%(objectname)%00%(upstream:track)%00%(upstream:remotename)%00%(upstream:remoteref) refs/heads/main refs/remotes/main [2ms]
2024-03-04 15:54:44.289 [info] > git status -z -uall [3ms]
2024-03-04 15:54:49.301 [info] > git config --get commit.template [5ms]
2024-03-04 15:54:49.303 [info] > git for-each-ref --format=%(refname)%00%(upstream:short)%00%(objectname)%00%(upstream:track)%00%(upstream:remotename)%00%(upstream:remoteref) refs/heads/main refs/remotes/main [2ms]
2024-03-04 15:54:49.309 [info] > git status -z -uall [3ms]
2024-03-04 16:00:58.917 [info] > git show --textconv :backend/backend-service.yaml [7ms]
2024-03-04 16:00:58.919 [info] > git ls-files --stage -- /home/ubuntu/lab4/devops-pythonfront-back-docker/backend/backend-service.yaml [4ms]
2024-03-04 16:01:09.775 [info] > git config --get commit.template [6ms]
2024-03-04 16:01:09.777 [info] > git for-each-ref --format=%(refname)%00%(upstream:short)%00%(objectname)%00%(upstream:track)%00%(upstream:remotename)%00%(upstream:remoteref) refs/heads/main refs/remotes/main [3ms]
2024-03-04 16:01:09.783 [info] > git status -z -uall [3ms]
2024-03-04 16:01:10.579 [info] > git show --textconv :frontend/frontend-service.yaml [6ms]
2024-03-04 16:01:10.581 [info] > git ls-files --stage -- /home/ubuntu/lab4/devops-pythonfront-back-docker/frontend/frontend-service.yaml [4ms]
2024-03-04 16:01:16.390 [info] > git config --get commit.template [5ms]
2024-03-04 16:01:16.392 [info] > git for-each-ref --format=%(refname)%00%(upstream:short)%00%(objectname)%00%(upstream:track)%00%(upstream:remotename)%00%(upstream:remoteref) refs/heads/main refs/remotes/main [2ms]
2024-03-04 16:01:16.399 [info] > git status -z -uall [2ms]
2024-03-04 16:01:37.299 [info] > git check-ignore -v -z --stdin [2ms]
2024-03-04 16:01:37.817 [info] > git config --get commit.template [5ms]
2024-03-04 16:01:37.819 [info] > git for-each-ref --format=%(refname)%00%(upstream:short)%00%(objectname)%00%(upstream:track)%00%(upstream:remotename)%00%(upstream:remoteref) refs/heads/main refs/remotes/main [2ms]
2024-03-04 16:01:37.828 [info] > git status -z -uall [2ms]
2024-03-04 16:01:47.015 [info] > git check-ignore -v -z --stdin [2ms]
2024-03-04 16:01:47.522 [info] > git config --get commit.template [5ms]
2024-03-04 16:01:47.524 [info] > git for-each-ref --format=%(refname)%00%(upstream:short)%00%(objectname)%00%(upstream:track)%00%(upstream:remotename)%00%(upstream:remoteref) refs/heads/main refs/remotes/main [3ms]
2024-03-04 16:01:47.530 [info] > git status -z -uall [2ms]
2024-03-04 16:01:51.187 [info] > git show --textconv :frontend-service.yaml [5ms]
2024-03-04 16:01:51.190 [info] > git ls-files --stage -- /home/ubuntu/lab4/devops-pythonfront-back-docker/frontend-service.yaml [4ms]
2024-03-04 16:01:51.407 [info] > git check-ignore -v -z --stdin [2ms]
2024-03-04 16:01:52.543 [info] > git config --get commit.template [5ms]
2024-03-04 16:01:52.545 [info] > git for-each-ref --format=%(refname)%00%(upstream:short)%00%(objectname)%00%(upstream:track)%00%(upstream:remotename)%00%(upstream:remoteref) refs/heads/main refs/remotes/main [2ms]
2024-03-04 16:01:52.551 [info] > git status -z -uall [2ms]
2024-03-04 16:01:55.430 [info] > git check-ignore -v -z --stdin [3ms]
2024-03-04 16:01:57.564 [info] > git config --get commit.template [5ms]
2024-03-04 16:01:57.566 [info] > git for-each-ref --format=%(refname)%00%(upstream:short)%00%(objectname)%00%(upstream:track)%00%(upstream:remotename)%00%(upstream:remoteref) refs/heads/main refs/remotes/main [3ms]
2024-03-04 16:01:57.571 [info] > git status -z -uall [2ms]
2024-03-04 16:06:28.504 [info] > git show --textconv :backend.yaml [5ms]
2024-03-04 16:06:28.507 [info] > git ls-files --stage -- /home/ubuntu/lab4/devops-pythonfront-back-docker/backend.yaml [3ms]
2024-03-04 16:06:40.723 [info] > git show --textconv :frontend-service.yaml [5ms]
2024-03-04 16:06:40.725 [info] > git ls-files --stage -- /home/ubuntu/lab4/devops-pythonfront-back-docker/frontend-service.yaml [3ms]
2024-03-04 16:06:43.538 [info] > git show --textconv :frontend.yaml [5ms]
2024-03-04 16:06:43.541 [info] > git ls-files --stage -- /home/ubuntu/lab4/devops-pythonfront-back-docker/frontend.yaml [3ms]
2024-03-04 16:06:47.871 [info] > git show --textconv :frontend-service.yaml [6ms]
2024-03-04 16:06:47.874 [info] > git ls-files --stage -- /home/ubuntu/lab4/devops-pythonfront-back-docker/frontend-service.yaml [4ms]
2024-03-04 16:06:49.443 [info] > git show --textconv :frontend.yaml [6ms]
2024-03-04 16:06:49.445 [info] > git ls-files --stage -- /home/ubuntu/lab4/devops-pythonfront-back-docker/frontend.yaml [3ms]
2024-03-04 16:08:32.566 [info] > git show --textconv :docker-compose.yaml [6ms]
2024-03-04 16:08:32.568 [info] > git ls-files --stage -- /home/ubuntu/lab4/devops-pythonfront-back-docker/docker-compose.yaml [3ms]
2024-03-04 16:08:32.573 [info] > git cat-file -s 6a09a8e28254bf545578ba55d99516e9b866efe1 [1ms]
2024-03-04 16:08:33.487 [info] > git show --textconv :frontend-service.yaml [6ms]
2024-03-04 16:08:33.489 [info] > git ls-files --stage -- /home/ubuntu/lab4/devops-pythonfront-back-docker/frontend-service.yaml [3ms]
2024-03-04 16:08:36.224 [info] > git show --textconv :backend-service.yaml [5ms]
2024-03-04 16:08:36.227 [info] > git ls-files --stage -- /home/ubuntu/lab4/devops-pythonfront-back-docker/backend-service.yaml [3ms]
2024-03-04 16:08:37.631 [info] > git show --textconv :backend.yaml [5ms]
2024-03-04 16:08:37.634 [info] > git ls-files --stage -- /home/ubuntu/lab4/devops-pythonfront-back-docker/backend.yaml [4ms]
2024-03-04 16:08:38.992 [info] > git show --textconv :backend-service.yaml [5ms]
2024-03-04 16:08:38.995 [info] > git ls-files --stage -- /home/ubuntu/lab4/devops-pythonfront-back-docker/backend-service.yaml [3ms]
2024-03-04 16:21:23.510 [info] > git show --textconv :backend.yaml [6ms]
2024-03-04 16:21:23.512 [info] > git ls-files --stage -- /home/ubuntu/lab4/devops-pythonfront-back-docker/backend.yaml [3ms]
2024-03-04 16:21:33.458 [info] > git show --textconv :backend-service.yaml [6ms]
2024-03-04 16:21:33.461 [info] > git ls-files --stage -- /home/ubuntu/lab4/devops-pythonfront-back-docker/backend-service.yaml [4ms]
2024-03-04 16:21:37.903 [info] > git config --get commit.template [6ms]
2024-03-04 16:21:37.905 [info] > git for-each-ref --format=%(refname)%00%(upstream:short)%00%(objectname)%00%(upstream:track)%00%(upstream:remotename)%00%(upstream:remoteref) refs/heads/main refs/remotes/main [3ms]
2024-03-04 16:21:37.910 [info] > git status -z -uall [2ms]
2024-03-04 16:21:42.621 [info] > git show --textconv :frontend-service.yaml [5ms]
2024-03-04 16:21:42.624 [info] > git ls-files --stage -- /home/ubuntu/lab4/devops-pythonfront-back-docker/frontend-service.yaml [3ms]
2024-03-04 16:21:42.926 [info] > git config --get commit.template [5ms]
2024-03-04 16:21:42.927 [info] > git for-each-ref --format=%(refname)%00%(upstream:short)%00%(objectname)%00%(upstream:track)%00%(upstream:remotename)%00%(upstream:remoteref) refs/heads/main refs/remotes/main [2ms]
2024-03-04 16:21:42.933 [info] > git status -z -uall [2ms]
2024-03-04 16:21:44.948 [info] > git show --textconv :frontend.yaml [5ms]
2024-03-04 16:21:44.951 [info] > git ls-files --stage -- /home/ubuntu/lab4/devops-pythonfront-back-docker/frontend.yaml [3ms]
2024-03-04 16:21:46.692 [info] > git show --textconv :frontend-service.yaml [5ms]
2024-03-04 16:21:46.695 [info] > git ls-files --stage -- /home/ubuntu/lab4/devops-pythonfront-back-docker/frontend-service.yaml [3ms]
2024-03-04 16:21:52.710 [info] > git config --get commit.template [5ms]
2024-03-04 16:21:52.712 [info] > git for-each-ref --format=%(refname)%00%(upstream:short)%00%(objectname)%00%(upstream:track)%00%(upstream:remotename)%00%(upstream:remoteref) refs/heads/main refs/remotes/main [3ms]
2024-03-04 16:21:52.719 [info] > git status -z -uall [4ms]
2024-03-04 16:23:50.975 [info] > git show --textconv :backend-service.yaml [5ms]
2024-03-04 16:23:50.978 [info] > git ls-files --stage -- /home/ubuntu/lab4/devops-pythonfront-back-docker/backend-service.yaml [3ms]
2024-03-04 16:23:53.288 [info] > git show --textconv :backend.yaml [6ms]
2024-03-04 16:23:53.291 [info] > git ls-files --stage -- /home/ubuntu/lab4/devops-pythonfront-back-docker/backend.yaml [4ms]
2024-03-04 16:23:58.391 [info] > git config --get commit.template [5ms]
2024-03-04 16:23:58.393 [info] > git for-each-ref --format=%(refname)%00%(upstream:short)%00%(objectname)%00%(upstream:track)%00%(upstream:remotename)%00%(upstream:remoteref) refs/heads/main refs/remotes/main [3ms]
2024-03-04 16:23:58.398 [info] > git status -z -uall [2ms]
2024-03-04 16:24:01.614 [info] > git show --textconv :backend-service.yaml [6ms]
2024-03-04 16:24:01.618 [info] > git ls-files --stage -- /home/ubuntu/lab4/devops-pythonfront-back-docker/backend-service.yaml [4ms]
2024-03-04 16:24:06.240 [info] > git config --get commit.template [5ms]
2024-03-04 16:24:06.242 [info] > git for-each-ref --format=%(refname)%00%(upstream:short)%00%(objectname)%00%(upstream:track)%00%(upstream:remotename)%00%(upstream:remoteref) refs/heads/main refs/remotes/main [3ms]
2024-03-04 16:24:06.248 [info] > git status -z -uall [3ms]
2024-03-04 16:24:06.599 [info] > git show --textconv :frontend-service.yaml [5ms]
2024-03-04 16:24:06.601 [info] > git ls-files --stage -- /home/ubuntu/lab4/devops-pythonfront-back-docker/frontend-service.yaml [3ms]
2024-03-04 16:24:11.914 [info] > git config --get commit.template [6ms]
2024-03-04 16:24:11.916 [info] > git for-each-ref --format=%(refname)%00%(upstream:short)%00%(objectname)%00%(upstream:track)%00%(upstream:remotename)%00%(upstream:remoteref) refs/heads/main refs/remotes/main [3ms]
2024-03-04 16:24:11.921 [info] > git status -z -uall [2ms]
2024-03-04 16:24:13.177 [info] > git show --textconv :frontend.yaml [5ms]
2024-03-04 16:24:13.179 [info] > git ls-files --stage -- /home/ubuntu/lab4/devops-pythonfront-back-docker/frontend.yaml [3ms]
2024-03-04 16:24:19.442 [info] > git config --get commit.template [5ms]
2024-03-04 16:24:19.444 [info] > git for-each-ref --format=%(refname)%00%(upstream:short)%00%(objectname)%00%(upstream:track)%00%(upstream:remotename)%00%(upstream:remoteref) refs/heads/main refs/remotes/main [2ms]
2024-03-04 16:24:19.450 [info] > git status -z -uall [2ms]
2024-03-04 16:28:24.646 [info] > git rev-parse --show-toplevel [2ms]
2024-03-04 16:28:24.646 [info] fatal: not a git repository (or any of the parent directories): .git
2024-03-04 16:28:39.052 [info] > git show --textconv :frontend.yaml [5ms]
2024-03-04 16:28:39.054 [info] > git ls-files --stage -- /home/ubuntu/lab4/devops-pythonfront-back-docker/frontend.yaml [3ms]
2024-03-04 16:28:59.774 [info] > git rev-parse --show-toplevel [2ms]
2024-03-04 16:28:59.774 [info] fatal: not a git repository (or any of the parent directories): .git
2024-03-04 16:29:03.467 [info] > git rev-parse --show-toplevel [4ms]
2024-03-04 16:29:03.467 [info] fatal: not a git repository (or any of the parent directories): .git
2024-03-04 16:29:17.944 [info] > git show --textconv :frontend.yaml [5ms]
2024-03-04 16:29:17.947 [info] > git ls-files --stage -- /home/ubuntu/lab4/devops-pythonfront-back-docker/frontend.yaml [4ms]
2024-03-04 16:29:24.278 [info] > git config --get commit.template [5ms]
2024-03-04 16:29:24.280 [info] > git for-each-ref --format=%(refname)%00%(upstream:short)%00%(objectname)%00%(upstream:track)%00%(upstream:remotename)%00%(upstream:remoteref) refs/heads/main refs/remotes/main [3ms]
2024-03-04 16:29:24.285 [info] > git status -z -uall [2ms]
2024-03-04 16:29:29.298 [info] > git config --get commit.template [5ms]
2024-03-04 16:29:29.300 [info] > git for-each-ref --format=%(refname)%00%(upstream:short)%00%(objectname)%00%(upstream:track)%00%(upstream:remotename)%00%(upstream:remoteref) refs/heads/main refs/remotes/main [3ms]
2024-03-04 16:29:29.305 [info] > git status -z -uall [2ms]
2024-03-04 16:29:34.319 [info] > git config --get commit.template [5ms]
2024-03-04 16:29:34.322 [info] > git for-each-ref --format=%(refname)%00%(upstream:short)%00%(objectname)%00%(upstream:track)%00%(upstream:remotename)%00%(upstream:remoteref) refs/heads/main refs/remotes/main [4ms]
2024-03-04 16:29:34.327 [info] > git status -z -uall [2ms]
2024-03-04 16:29:39.341 [info] > git config --get commit.template [5ms]
2024-03-04 16:29:39.343 [info] > git for-each-ref --format=%(refname)%00%(upstream:short)%00%(objectname)%00%(upstream:track)%00%(upstream:remotename)%00%(upstream:remoteref) refs/heads/main refs/remotes/main [3ms]
2024-03-04 16:29:39.348 [info] > git status -z -uall [2ms]
2024-03-04 16:29:44.361 [info] > git config --get commit.template [5ms]
2024-03-04 16:29:44.363 [info] > git for-each-ref --format=%(refname)%00%(upstream:short)%00%(objectname)%00%(upstream:track)%00%(upstream:remotename)%00%(upstream:remoteref) refs/heads/main refs/remotes/main [2ms]
2024-03-04 16:29:44.369 [info] > git status -z -uall [3ms]
2024-03-04 16:29:49.383 [info] > git config --get commit.template [6ms]
2024-03-04 16:29:49.385 [info] > git for-each-ref --format=%(refname)%00%(upstream:short)%00%(objectname)%00%(upstream:track)%00%(upstream:remotename)%00%(upstream:remoteref) refs/heads/main refs/remotes/main [2ms]
2024-03-04 16:29:49.391 [info] > git status -z -uall [2ms]
2024-03-04 16:29:54.405 [info] > git config --get commit.template [5ms]
2024-03-04 16:29:54.407 [info] > git for-each-ref --format=%(refname)%00%(upstream:short)%00%(objectname)%00%(upstream:track)%00%(upstream:remotename)%00%(upstream:remoteref) refs/heads/main refs/remotes/main [3ms]
2024-03-04 16:29:54.413 [info] > git status -z -uall [2ms]
2024-03-04 16:29:59.426 [info] > git config --get commit.template [5ms]
2024-03-04 16:29:59.428 [info] > git for-each-ref --format=%(refname)%00%(upstream:short)%00%(objectname)%00%(upstream:track)%00%(upstream:remotename)%00%(upstream:remoteref) refs/heads/main refs/remotes/main [2ms]
2024-03-04 16:29:59.435 [info] > git status -z -uall [3ms]
2024-03-04 16:30:04.452 [info] > git config --get commit.template [5ms]
2024-03-04 16:30:04.454 [info] > git for-each-ref --format=%(refname)%00%(upstream:short)%00%(objectname)%00%(upstream:track)%00%(upstream:remotename)%00%(upstream:remoteref) refs/heads/main refs/remotes/main [3ms]
2024-03-04 16:30:04.459 [info] > git status -z -uall [2ms]
2024-03-04 16:30:11.243 [info] > git config --get commit.template [5ms]
2024-03-04 16:30:11.245 [info] > git for-each-ref --format=%(refname)%00%(upstream:short)%00%(objectname)%00%(upstream:track)%00%(upstream:remotename)%00%(upstream:remoteref) refs/heads/main refs/remotes/main [3ms]
2024-03-04 16:30:11.252 [info] > git status -z -uall [2ms]
2024-03-04 16:30:16.483 [info] > git config --get commit.template [6ms]
2024-03-04 16:30:16.484 [info] > git for-each-ref --format=%(refname)%00%(upstream:short)%00%(objectname)%00%(upstream:track)%00%(upstream:remotename)%00%(upstream:remoteref) refs/heads/main refs/remotes/main [2ms]
2024-03-04 16:30:16.490 [info] > git status -z -uall [2ms]
2024-03-04 16:30:21.504 [info] > git config --get commit.template [6ms]
2024-03-04 16:30:21.505 [info] > git for-each-ref --format=%(refname)%00%(upstream:short)%00%(objectname)%00%(upstream:track)%00%(upstream:remotename)%00%(upstream:remoteref) refs/heads/main refs/remotes/main [2ms]
2024-03-04 16:30:21.511 [info] > git status -z -uall [2ms]
2024-03-04 16:30:26.524 [info] > git config --get commit.template [5ms]
2024-03-04 16:30:26.526 [info] > git for-each-ref --format=%(refname)%00%(upstream:short)%00%(objectname)%00%(upstream:track)%00%(upstream:remotename)%00%(upstream:remoteref) refs/heads/main refs/remotes/main [2ms]
2024-03-04 16:30:26.532 [info] > git status -z -uall [3ms]
2024-03-04 16:30:31.548 [info] > git config --get commit.template [8ms]
2024-03-04 16:30:31.551 [info] > git for-each-ref --format=%(refname)%00%(upstream:short)%00%(objectname)%00%(upstream:track)%00%(upstream:remotename)%00%(upstream:remoteref) refs/heads/main refs/remotes/main [5ms]
2024-03-04 16:30:31.556 [info] > git status -z -uall [2ms]
2024-03-04 16:30:36.570 [info] > git config --get commit.template [7ms]
2024-03-04 16:30:36.572 [info] > git for-each-ref --format=%(refname)%00%(upstream:short)%00%(objectname)%00%(upstream:track)%00%(upstream:remotename)%00%(upstream:remoteref) refs/heads/main refs/remotes/main [4ms]
2024-03-04 16:30:36.577 [info] > git status -z -uall [2ms]
2024-03-04 16:30:41.591 [info] > git config --get commit.template [5ms]
2024-03-04 16:30:41.592 [info] > git for-each-ref --format=%(refname)%00%(upstream:short)%00%(objectname)%00%(upstream:track)%00%(upstream:remotename)%00%(upstream:remoteref) refs/heads/main refs/remotes/main [2ms]
2024-03-04 16:30:41.598 [info] > git status -z -uall [2ms]
2024-03-04 16:30:46.612 [info] > git config --get commit.template [7ms]
2024-03-04 16:30:46.614 [info] > git for-each-ref --format=%(refname)%00%(upstream:short)%00%(objectname)%00%(upstream:track)%00%(upstream:remotename)%00%(upstream:remoteref) refs/heads/main refs/remotes/main [3ms]
2024-03-04 16:30:46.620 [info] > git status -z -uall [3ms]
2024-03-04 16:30:51.635 [info] > git config --get commit.template [6ms]
2024-03-04 16:30:51.637 [info] > git for-each-ref --format=%(refname)%00%(upstream:short)%00%(objectname)%00%(upstream:track)%00%(upstream:remotename)%00%(upstream:remoteref) refs/heads/main refs/remotes/main [2ms]
2024-03-04 16:30:51.642 [info] > git status -z -uall [2ms]
2024-03-04 16:31:17.563 [info] > git show --textconv :backend.yaml [5ms]
2024-03-04 16:31:17.566 [info] > git ls-files --stage -- /home/ubuntu/lab4/devops-pythonfront-back-docker/backend.yaml [3ms]
2024-03-04 16:31:22.884 [info] > git config --get commit.template [7ms]
2024-03-04 16:31:22.886 [info] > git for-each-ref --format=%(refname)%00%(upstream:short)%00%(objectname)%00%(upstream:track)%00%(upstream:remotename)%00%(upstream:remoteref) refs/heads/main refs/remotes/main [3ms]
2024-03-04 16:31:22.892 [info] > git status -z -uall [3ms]
2024-03-04 16:31:27.905 [info] > git config --get commit.template [5ms]
2024-03-04 16:31:27.906 [info] > git for-each-ref --format=%(refname)%00%(upstream:short)%00%(objectname)%00%(upstream:track)%00%(upstream:remotename)%00%(upstream:remoteref) refs/heads/main refs/remotes/main [2ms]
2024-03-04 16:31:27.912 [info] > git status -z -uall [2ms]
2024-03-04 16:31:32.924 [info] > git config --get commit.template [5ms]
2024-03-04 16:31:32.926 [info] > git for-each-ref --format=%(refname)%00%(upstream:short)%00%(objectname)%00%(upstream:track)%00%(upstream:remotename)%00%(upstream:remoteref) refs/heads/main refs/remotes/main [3ms]
2024-03-04 16:31:32.932 [info] > git status -z -uall [2ms]
2024-03-04 16:31:37.946 [info] > git config --get commit.template [6ms]
2024-03-04 16:31:37.948 [info] > git for-each-ref --format=%(refname)%00%(upstream:short)%00%(objectname)%00%(upstream:track)%00%(upstream:remotename)%00%(upstream:remoteref) refs/heads/main refs/remotes/main [3ms]
2024-03-04 16:31:37.953 [info] > git status -z -uall [2ms]
2024-03-04 16:31:42.965 [info] > git config --get commit.template [5ms]
2024-03-04 16:31:42.967 [info] > git for-each-ref --format=%(refname)%00%(upstream:short)%00%(objectname)%00%(upstream:track)%00%(upstream:remotename)%00%(upstream:remoteref) refs/heads/main refs/remotes/main [2ms]
2024-03-04 16:31:42.973 [info] > git status -z -uall [2ms]
2024-03-04 16:31:46.874 [info] > git show --textconv :frontend.yaml [5ms]
2024-03-04 16:31:46.877 [info] > git ls-files --stage -- /home/ubuntu/lab4/devops-pythonfront-back-docker/frontend.yaml [3ms]
2024-03-04 16:31:47.987 [info] > git config --get commit.template [6ms]
2024-03-04 16:31:47.989 [info] > git for-each-ref --format=%(refname)%00%(upstream:short)%00%(objectname)%00%(upstream:track)%00%(upstream:remotename)%00%(upstream:remoteref) refs/heads/main refs/remotes/main [3ms]
2024-03-04 16:31:47.995 [info] > git status -z -uall [3ms]
2024-03-04 16:31:50.010 [info] > git show --textconv :backend.yaml [6ms]
2024-03-04 16:31:50.013 [info] > git ls-files --stage -- /home/ubuntu/lab4/devops-pythonfront-back-docker/backend.yaml [4ms]
2024-03-04 16:31:53.728 [info] > git config --get commit.template [7ms]
2024-03-04 16:31:53.730 [info] > git for-each-ref --format=%(refname)%00%(upstream:short)%00%(objectname)%00%(upstream:track)%00%(upstream:remotename)%00%(upstream:remoteref) refs/heads/main refs/remotes/main [3ms]
2024-03-04 16:31:53.735 [info] > git status -z -uall [2ms]
2024-03-04 16:31:58.749 [info] > git config --get commit.template [6ms]
2024-03-04 16:31:58.752 [info] > git for-each-ref --format=%(refname)%00%(upstream:short)%00%(objectname)%00%(upstream:track)%00%(upstream:remotename)%00%(upstream:remoteref) refs/heads/main refs/remotes/main [4ms]
2024-03-04 16:31:58.759 [info] > git status -z -uall [4ms]
2024-03-04 16:32:03.772 [info] > git config --get commit.template [5ms]
2024-03-04 16:32:03.774 [info] > git for-each-ref --format=%(refname)%00%(upstream:short)%00%(objectname)%00%(upstream:track)%00%(upstream:remotename)%00%(upstream:remoteref) refs/heads/main refs/remotes/main [2ms]
2024-03-04 16:32:03.780 [info] > git status -z -uall [2ms]
2024-03-04 16:32:06.133 [info] > git show --textconv :frontend.yaml [5ms]
2024-03-04 16:32:06.136 [info] > git ls-files --stage -- /home/ubuntu/lab4/devops-pythonfront-back-docker/frontend.yaml [3ms]
2024-03-04 16:32:08.794 [info] > git config --get commit.template [6ms]
2024-03-04 16:32:08.796 [info] > git for-each-ref --format=%(refname)%00%(upstream:short)%00%(objectname)%00%(upstream:track)%00%(upstream:remotename)%00%(upstream:remoteref) refs/heads/main refs/remotes/main [2ms]
2024-03-04 16:32:08.802 [info] > git status -z -uall [3ms]
2024-03-04 16:32:09.161 [info] > git show --textconv :backend.yaml [5ms]
2024-03-04 16:32:09.163 [info] > git ls-files --stage -- /home/ubuntu/lab4/devops-pythonfront-back-docker/backend.yaml [3ms]
2024-03-04 16:32:13.815 [info] > git config --get commit.template [5ms]
2024-03-04 16:32:13.816 [info] > git for-each-ref --format=%(refname)%00%(upstream:short)%00%(objectname)%00%(upstream:track)%00%(upstream:remotename)%00%(upstream:remoteref) refs/heads/main refs/remotes/main [2ms]
2024-03-04 16:32:13.822 [info] > git status -z -uall [2ms]
2024-03-04 16:32:18.837 [info] > git config --get commit.template [5ms]
2024-03-04 16:32:18.839 [info] > git for-each-ref --format=%(refname)%00%(upstream:short)%00%(objectname)%00%(upstream:track)%00%(upstream:remotename)%00%(upstream:remoteref) refs/heads/main refs/remotes/main [3ms]
2024-03-04 16:32:18.845 [info] > git status -z -uall [3ms]
2024-03-04 16:32:24.866 [info] > git show --textconv :frontend-service.yaml [5ms]
2024-03-04 16:32:24.869 [info] > git ls-files --stage -- /home/ubuntu/lab4/devops-pythonfront-back-docker/frontend-service.yaml [3ms]
2024-03-04 16:33:18.684 [info] > git show --textconv :backend-service.yaml [5ms]
2024-03-04 16:33:18.688 [info] > git ls-files --stage -- /home/ubuntu/lab4/devops-pythonfront-back-docker/backend-service.yaml [4ms]
2024-03-04 16:35:02.924 [info] > git show --textconv :backend.yaml [5ms]
2024-03-04 16:35:02.927 [info] > git ls-files --stage -- /home/ubuntu/lab4/devops-pythonfront-back-docker/backend.yaml [3ms]
2024-03-04 16:35:08.290 [info] > git config --get commit.template [5ms]
2024-03-04 16:35:08.291 [info] > git for-each-ref --format=%(refname)%00%(upstream:short)%00%(objectname)%00%(upstream:track)%00%(upstream:remotename)%00%(upstream:remoteref) refs/heads/main refs/remotes/main [2ms]
2024-03-04 16:35:08.297 [info] > git status -z -uall [2ms]
2024-03-04 16:35:08.707 [info] > git show --textconv :frontend.yaml [6ms]
2024-03-04 16:35:08.709 [info] > git ls-files --stage -- /home/ubuntu/lab4/devops-pythonfront-back-docker/frontend.yaml [3ms]
2024-03-04 16:40:16.179 [info] > git config --get commit.template [5ms]
2024-03-04 16:40:16.181 [info] > git for-each-ref --format=%(refname)%00%(upstream:short)%00%(objectname)%00%(upstream:track)%00%(upstream:remotename)%00%(upstream:remoteref) refs/heads/main refs/remotes/main [2ms]
2024-03-04 16:40:16.187 [info] > git status -z -uall [3ms]
2024-03-04 16:40:21.200 [info] > git config --get commit.template [5ms]
2024-03-04 16:40:21.202 [info] > git for-each-ref --format=%(refname)%00%(upstream:short)%00%(objectname)%00%(upstream:track)%00%(upstream:remotename)%00%(upstream:remoteref) refs/heads/main refs/remotes/main [2ms]
2024-03-04 16:40:21.209 [info] > git status -z -uall [3ms]
2024-03-04 16:40:26.222 [info] > git config --get commit.template [5ms]
2024-03-04 16:40:26.224 [info] > git for-each-ref --format=%(refname)%00%(upstream:short)%00%(objectname)%00%(upstream:track)%00%(upstream:remotename)%00%(upstream:remoteref) refs/heads/main refs/remotes/main [2ms]
2024-03-04 16:40:26.230 [info] > git status -z -uall [3ms]
2024-03-04 16:40:31.246 [info] > git config --get commit.template [7ms]
2024-03-04 16:40:31.248 [info] > git for-each-ref --format=%(refname)%00%(upstream:short)%00%(objectname)%00%(upstream:track)%00%(upstream:remotename)%00%(upstream:remoteref) refs/heads/main refs/remotes/main [3ms]
2024-03-04 16:40:31.253 [info] > git status -z -uall [2ms]
2024-03-04 16:41:04.715 [info] > git config --get commit.template [6ms]
2024-03-04 16:41:04.717 [info] > git for-each-ref --format=%(refname)%00%(upstream:short)%00%(objectname)%00%(upstream:track)%00%(upstream:remotename)%00%(upstream:remoteref) refs/heads/main refs/remotes/main [3ms]
2024-03-04 16:41:04.723 [info] > git status -z -uall [2ms]
2024-03-04 16:44:42.922 [info] > git rev-parse --show-toplevel [32ms]
2024-03-04 16:44:42.922 [info] fatal: not a git repository (or any of the parent directories): .git
