2024-03-05 09:23:25.172 [info] Log level: Info
2024-03-05 09:23:25.172 [info] Validating found git in: "git"
2024-03-05 09:23:25.172 [info] Using git "2.34.1" from "git"
2024-03-05 09:23:25.187 [info] > git rev-parse --show-toplevel [21ms]
2024-03-05 09:23:25.187 [info] fatal: not a git repository (or any of the parent directories): .git
2024-03-05 09:23:25.240 [info] > git rev-parse --show-toplevel [49ms]
2024-03-05 09:23:25.251 [info] > git rev-parse --git-dir --git-common-dir [6ms]
2024-03-05 09:23:25.267 [info] Open repository: /home/ubuntu/lab4/devops-pythonfront-back-docker
2024-03-05 09:23:25.287 [info] > git config --get commit.template [14ms]
2024-03-05 09:23:25.295 [info] > git rev-parse --show-toplevel [16ms]
2024-03-05 09:23:25.295 [info] fatal: not a git repository (or any of the parent directories): .git
2024-03-05 09:23:25.303 [info] > git rev-parse --show-toplevel [3ms]
2024-03-05 09:23:25.303 [info] fatal: not a git repository (or any of the parent directories): .git
2024-03-05 09:23:25.319 [info] > git rev-parse --show-toplevel [13ms]
2024-03-05 09:23:25.319 [info] fatal: not a git repository (or any of the parent directories): .git
2024-03-05 09:23:25.324 [info] > git rev-parse --show-toplevel [2ms]
2024-03-05 09:23:25.324 [info] fatal: not a git repository (or any of the parent directories): .git
2024-03-05 09:23:25.329 [info] > git rev-parse --show-toplevel [2ms]
2024-03-05 09:23:25.329 [info] fatal: not a git repository (or any of the parent directories): .git
2024-03-05 09:23:25.335 [info] > git for-each-ref --format=%(refname)%00%(upstream:short)%00%(objectname)%00%(upstream:track)%00%(upstream:remotename)%00%(upstream:remoteref) refs/heads/main refs/remotes/main [42ms]
2024-03-05 09:23:25.341 [info] > git rev-parse --show-toplevel [8ms]
2024-03-05 09:23:25.341 [info] fatal: not a git repository (or any of the parent directories): .git
2024-03-05 09:23:25.348 [info] > git rev-parse --show-toplevel [2ms]
2024-03-05 09:23:25.348 [info] fatal: not a git repository (or any of the parent directories): .git
2024-03-05 09:23:25.353 [info] > git rev-parse --show-toplevel [2ms]
2024-03-05 09:23:25.353 [info] fatal: not a git repository (or any of the parent directories): .git
2024-03-05 09:23:25.359 [info] > git status -z -uall [19ms]
2024-03-05 09:23:25.376 [info] > git rev-parse --show-toplevel [19ms]
2024-03-05 09:23:25.376 [info] fatal: not a git repository (or any of the parent directories): .git
2024-03-05 09:23:25.383 [info] > git config --get commit.template [8ms]
2024-03-05 09:23:25.389 [info] > git for-each-ref --format=%(refname)%00%(upstream:short)%00%(objectname)%00%(upstream:track)%00%(upstream:remotename)%00%(upstream:remoteref) refs/heads/main refs/remotes/main [3ms]
2024-03-05 09:23:25.394 [info] > git status -z -uall [2ms]
2024-03-05 09:23:25.824 [info] > git check-ignore -v -z --stdin [2ms]
2024-03-05 09:23:42.728 [info] > git rev-parse --show-toplevel [2ms]
2024-03-05 09:23:42.728 [info] fatal: not a git repository (or any of the parent directories): .git
2024-03-05 09:24:48.332 [info] > git rev-parse --show-toplevel [13ms]
2024-03-05 09:24:48.332 [info] fatal: not a git repository (or any of the parent directories): .git
2024-03-05 09:24:48.353 [info] > git rev-parse --show-toplevel [17ms]
2024-03-05 09:24:48.353 [info] fatal: not a git repository (or any of the parent directories): .git
2024-03-05 09:24:48.359 [info] > git rev-parse --show-toplevel [2ms]
2024-03-05 09:24:48.359 [info] fatal: not a git repository (or any of the parent directories): .git
2024-03-05 09:25:48.357 [info] > git show --textconv :frontend.yaml [25ms]
2024-03-05 09:25:48.359 [info] > git ls-files --stage -- /home/ubuntu/lab4/devops-pythonfront-back-docker/frontend.yaml [21ms]
2024-03-05 09:46:00.548 [info] > git rev-parse --show-toplevel [33ms]
2024-03-05 09:46:00.557 [info] fatal: not a git repository (or any of the parent directories): .git
2024-03-05 09:46:00.587 [info] > git rev-parse --show-toplevel [2ms]
2024-03-05 09:46:00.587 [info] fatal: not a git repository (or any of the parent directories): .git
2024-03-05 09:48:06.638 [info] > git rev-parse --show-toplevel [5ms]
2024-03-05 09:48:06.654 [info] fatal: not a git repository (or any of the parent directories): .git
2024-03-05 10:41:21.829 [info] > git rev-parse --show-toplevel [2ms]
2024-03-05 10:41:21.829 [info] fatal: not a git repository (or any of the parent directories): .git
2024-03-05 10:41:43.576 [info] > git rev-parse --show-toplevel [2ms]
2024-03-05 10:41:43.576 [info] fatal: not a git repository (or any of the parent directories): .git
2024-03-05 10:41:57.030 [info] > git check-ignore -v -z --stdin [11ms]
2024-03-05 10:42:01.724 [info] > git ls-files --stage -- /home/ubuntu/lab4/devops-pythonfront-back-docker/backend.yaml [2ms]
2024-03-05 10:42:01.727 [info] > git show --textconv :backend.yaml [10ms]
2024-03-05 10:42:13.203 [info] > git show --textconv :backend-service.yaml [6ms]
2024-03-05 10:42:13.206 [info] > git ls-files --stage -- /home/ubuntu/lab4/devops-pythonfront-back-docker/backend-service.yaml [3ms]
2024-03-05 10:42:21.673 [info] > git rev-parse --show-toplevel [3ms]
2024-03-05 10:42:21.673 [info] fatal: not a git repository (or any of the parent directories): .git
2024-03-05 10:44:47.587 [info] > git show --textconv :backend.yaml [5ms]
2024-03-05 10:44:47.590 [info] > git ls-files --stage -- /home/ubuntu/lab4/devops-pythonfront-back-docker/backend.yaml [3ms]
2024-03-05 10:44:54.918 [info] > git show --textconv :backend-service.yaml [5ms]
2024-03-05 10:44:54.921 [info] > git ls-files --stage -- /home/ubuntu/lab4/devops-pythonfront-back-docker/backend-service.yaml [3ms]
2024-03-05 10:45:00.854 [info] > git show --textconv :backend.yaml [5ms]
2024-03-05 10:45:00.857 [info] > git ls-files --stage -- /home/ubuntu/lab4/devops-pythonfront-back-docker/backend.yaml [3ms]
2024-03-05 10:45:03.541 [info] > git show --textconv :frontend-service.yaml [7ms]
2024-03-05 10:45:03.543 [info] > git ls-files --stage -- /home/ubuntu/lab4/devops-pythonfront-back-docker/frontend-service.yaml [4ms]
2024-03-05 10:45:05.626 [info] > git show --textconv :frontend.yaml [5ms]
2024-03-05 10:45:05.629 [info] > git ls-files --stage -- /home/ubuntu/lab4/devops-pythonfront-back-docker/frontend.yaml [3ms]
2024-03-05 10:45:09.802 [info] > git rev-parse --show-toplevel [2ms]
2024-03-05 10:45:09.802 [info] fatal: not a git repository (or any of the parent directories): .git
2024-03-05 10:46:05.278 [info] > git show --textconv :frontend.yaml [5ms]
2024-03-05 10:46:05.280 [info] > git ls-files --stage -- /home/ubuntu/lab4/devops-pythonfront-back-docker/frontend.yaml [3ms]
2024-03-05 10:46:14.996 [info] > git rev-parse --show-toplevel [2ms]
2024-03-05 10:46:14.996 [info] fatal: not a git repository (or any of the parent directories): .git
2024-03-05 10:46:33.925 [info] > git show --textconv :backend.yaml [5ms]
2024-03-05 10:46:33.928 [info] > git ls-files --stage -- /home/ubuntu/lab4/devops-pythonfront-back-docker/backend.yaml [4ms]
2024-03-05 10:46:36.239 [info] > git rev-parse --show-toplevel [2ms]
2024-03-05 10:46:36.239 [info] fatal: not a git repository (or any of the parent directories): .git
2024-03-05 10:47:06.186 [info] > git ls-files --stage -- /home/ubuntu/lab4/devops-pythonfront-back-docker/frontend/app.py [3ms]
2024-03-05 10:47:06.191 [info] > git show --textconv :frontend/app.py [14ms]
2024-03-05 10:47:06.194 [info] > git cat-file -s 4e1ec81b37dbe604764b517755e512c16213691e [3ms]
2024-03-05 10:47:09.471 [info] > git show --textconv :frontend/Dockerfile [5ms]
2024-03-05 10:47:09.474 [info] > git ls-files --stage -- /home/ubuntu/lab4/devops-pythonfront-back-docker/frontend/Dockerfile [3ms]
2024-03-05 10:47:09.479 [info] > git cat-file -s 087c393715f63d870388331d8ea4a41ab2ca6499 [1ms]
2024-03-05 10:47:11.338 [info] > git show --textconv :backend-service.yaml [6ms]
2024-03-05 10:47:11.341 [info] > git ls-files --stage -- /home/ubuntu/lab4/devops-pythonfront-back-docker/backend-service.yaml [3ms]
2024-03-05 10:47:14.980 [info] > git show --textconv :backend.yaml [7ms]
2024-03-05 10:47:14.982 [info] > git ls-files --stage -- /home/ubuntu/lab4/devops-pythonfront-back-docker/backend.yaml [4ms]
2024-03-05 10:47:26.289 [info] > git show --textconv :frontend-service.yaml [6ms]
2024-03-05 10:47:26.292 [info] > git ls-files --stage -- /home/ubuntu/lab4/devops-pythonfront-back-docker/frontend-service.yaml [3ms]
2024-03-05 10:47:31.033 [info] > git show --textconv :frontend.yaml [5ms]
2024-03-05 10:47:31.036 [info] > git ls-files --stage -- /home/ubuntu/lab4/devops-pythonfront-back-docker/frontend.yaml [3ms]
2024-03-05 10:48:27.793 [info] > git rev-parse --show-toplevel [2ms]
2024-03-05 10:48:27.793 [info] fatal: not a git repository (or any of the parent directories): .git
2024-03-05 10:48:35.408 [info] > git show --textconv :frontend.yaml [6ms]
2024-03-05 10:48:35.411 [info] > git ls-files --stage -- /home/ubuntu/lab4/devops-pythonfront-back-docker/frontend.yaml [3ms]
2024-03-05 10:48:36.777 [info] > git rev-parse --show-toplevel [2ms]
2024-03-05 10:48:36.777 [info] fatal: not a git repository (or any of the parent directories): .git
2024-03-05 10:48:46.769 [info] > git show --textconv :frontend.yaml [7ms]
2024-03-05 10:48:46.772 [info] > git ls-files --stage -- /home/ubuntu/lab4/devops-pythonfront-back-docker/frontend.yaml [4ms]
2024-03-05 10:48:51.142 [info] > git rev-parse --show-toplevel [2ms]
2024-03-05 10:48:51.142 [info] fatal: not a git repository (or any of the parent directories): .git
2024-03-05 10:49:10.372 [info] > git show --textconv :backend.yaml [5ms]
2024-03-05 10:49:10.375 [info] > git ls-files --stage -- /home/ubuntu/lab4/devops-pythonfront-back-docker/backend.yaml [3ms]
2024-03-05 10:49:15.095 [info] > git rev-parse --show-toplevel [2ms]
2024-03-05 10:49:15.095 [info] fatal: not a git repository (or any of the parent directories): .git
2024-03-05 10:57:59.350 [info] > git show --textconv :backend-service.yaml [5ms]
2024-03-05 10:57:59.353 [info] > git ls-files --stage -- /home/ubuntu/lab4/devops-pythonfront-back-docker/backend-service.yaml [3ms]
2024-03-05 10:58:30.806 [info] > git rev-parse --show-toplevel [2ms]
2024-03-05 10:58:30.806 [info] fatal: not a git repository (or any of the parent directories): .git
2024-03-05 11:00:47.681 [info] > git show --textconv :backend-service.yaml [5ms]
2024-03-05 11:00:47.684 [info] > git ls-files --stage -- /home/ubuntu/lab4/devops-pythonfront-back-docker/backend-service.yaml [4ms]
2024-03-05 11:01:01.216 [info] > git show --textconv :frontend-service.yaml [6ms]
2024-03-05 11:01:01.219 [info] > git ls-files --stage -- /home/ubuntu/lab4/devops-pythonfront-back-docker/frontend-service.yaml [4ms]
2024-03-05 11:01:09.937 [info] > git show --textconv :backend-service.yaml [5ms]
2024-03-05 11:01:09.940 [info] > git ls-files --stage -- /home/ubuntu/lab4/devops-pythonfront-back-docker/backend-service.yaml [3ms]
2024-03-05 11:01:56.255 [info] > git rev-parse --show-toplevel [2ms]
2024-03-05 11:01:56.255 [info] fatal: not a git repository (or any of the parent directories): .git
2024-03-05 11:04:57.766 [info] > git show --textconv :frontend/app.py [6ms]
2024-03-05 11:04:57.769 [info] > git ls-files --stage -- /home/ubuntu/lab4/devops-pythonfront-back-docker/frontend/app.py [4ms]
2024-03-05 11:04:57.774 [info] > git cat-file -s 4e1ec81b37dbe604764b517755e512c16213691e [2ms]
2024-03-05 11:05:09.386 [info] > git show --textconv :frontend/Dockerfile [6ms]
2024-03-05 11:05:09.389 [info] > git ls-files --stage -- /home/ubuntu/lab4/devops-pythonfront-back-docker/frontend/Dockerfile [4ms]
2024-03-05 11:05:09.395 [info] > git cat-file -s 087c393715f63d870388331d8ea4a41ab2ca6499 [3ms]
2024-03-05 11:05:15.541 [info] > git show --textconv :frontend/app.py [5ms]
2024-03-05 11:05:15.544 [info] > git ls-files --stage -- /home/ubuntu/lab4/devops-pythonfront-back-docker/frontend/app.py [4ms]
2024-03-05 11:05:15.549 [info] > git cat-file -s 4e1ec81b37dbe604764b517755e512c16213691e [1ms]
2024-03-05 11:05:21.416 [info] > git show --textconv :backend/app.py [6ms]
2024-03-05 11:05:21.419 [info] > git ls-files --stage -- /home/ubuntu/lab4/devops-pythonfront-back-docker/backend/app.py [4ms]
2024-03-05 11:05:21.423 [info] > git cat-file -s 0b88c2db5105b4702f8f3484b8937a11dc441571 [1ms]
2024-03-05 11:05:25.090 [info] > git show --textconv :backend-service.yaml [6ms]
2024-03-05 11:05:25.093 [info] > git ls-files --stage -- /home/ubuntu/lab4/devops-pythonfront-back-docker/backend-service.yaml [4ms]
2024-03-05 11:05:27.806 [info] > git rev-parse --show-toplevel [2ms]
2024-03-05 11:05:27.806 [info] fatal: not a git repository (or any of the parent directories): .git
2024-03-05 11:06:25.466 [info] > git show --textconv :frontend.yaml [5ms]
2024-03-05 11:06:25.469 [info] > git ls-files --stage -- /home/ubuntu/lab4/devops-pythonfront-back-docker/frontend.yaml [3ms]
2024-03-05 11:06:32.229 [info] > git show --textconv :frontend-service.yaml [6ms]
2024-03-05 11:06:32.232 [info] > git ls-files --stage -- /home/ubuntu/lab4/devops-pythonfront-back-docker/frontend-service.yaml [4ms]
2024-03-05 11:06:52.278 [info] > git rev-parse --show-toplevel [2ms]
2024-03-05 11:06:52.279 [info] fatal: not a git repository (or any of the parent directories): .git
2024-03-05 11:10:10.352 [info] > git show --textconv :backend-service.yaml [6ms]
2024-03-05 11:10:10.355 [info] > git ls-files --stage -- /home/ubuntu/lab4/devops-pythonfront-back-docker/backend-service.yaml [3ms]
2024-03-05 11:10:19.885 [info] > git show --textconv :frontend-service.yaml [6ms]
2024-03-05 11:10:19.887 [info] > git ls-files --stage -- /home/ubuntu/lab4/devops-pythonfront-back-docker/frontend-service.yaml [4ms]
2024-03-05 11:12:36.152 [info] > git rev-parse --show-toplevel [2ms]
2024-03-05 11:12:36.152 [info] fatal: not a git repository (or any of the parent directories): .git
2024-03-05 11:12:43.879 [info] > git rev-parse --show-toplevel [2ms]
2024-03-05 11:12:43.879 [info] fatal: not a git repository (or any of the parent directories): .git
2024-03-05 11:13:00.244 [info] > git rev-parse --show-toplevel [6ms]
2024-03-05 11:13:00.244 [info] fatal: not a git repository (or any of the parent directories): .git
2024-03-05 11:15:06.029 [info] > git show --textconv :backend-service.yaml [6ms]
2024-03-05 11:15:06.032 [info] > git ls-files --stage -- /home/ubuntu/lab4/devops-pythonfront-back-docker/backend-service.yaml [4ms]
2024-03-05 11:15:22.889 [info] > git rev-parse --show-toplevel [2ms]
2024-03-05 11:15:22.890 [info] fatal: not a git repository (or any of the parent directories): .git
2024-03-05 11:21:59.563 [info] > git show --textconv :frontend/app.py [6ms]
2024-03-05 11:21:59.571 [info] > git ls-files --stage -- /home/ubuntu/lab4/devops-pythonfront-back-docker/frontend/app.py [8ms]
2024-03-05 11:21:59.582 [info] > git cat-file -s 4e1ec81b37dbe604764b517755e512c16213691e [4ms]
2024-03-05 11:22:02.584 [info] > git show --textconv :frontend/Dockerfile [6ms]
2024-03-05 11:22:02.587 [info] > git ls-files --stage -- /home/ubuntu/lab4/devops-pythonfront-back-docker/frontend/Dockerfile [3ms]
2024-03-05 11:22:02.592 [info] > git cat-file -s 087c393715f63d870388331d8ea4a41ab2ca6499 [2ms]
2024-03-05 11:22:04.022 [info] > git show --textconv :backend-service.yaml [5ms]
2024-03-05 11:22:04.026 [info] > git ls-files --stage -- /home/ubuntu/lab4/devops-pythonfront-back-docker/backend-service.yaml [3ms]
2024-03-05 11:22:06.770 [info] > git show --textconv :backend.yaml [6ms]
2024-03-05 11:22:06.773 [info] > git ls-files --stage -- /home/ubuntu/lab4/devops-pythonfront-back-docker/backend.yaml [4ms]
2024-03-05 11:22:10.413 [info] > git show --textconv :docker-compose.yaml [5ms]
2024-03-05 11:22:10.415 [info] > git ls-files --stage -- /home/ubuntu/lab4/devops-pythonfront-back-docker/docker-compose.yaml [3ms]
2024-03-05 11:22:10.421 [info] > git cat-file -s 6a09a8e28254bf545578ba55d99516e9b866efe1 [2ms]
2024-03-05 11:22:27.856 [info] > git show --textconv :frontend-service.yaml [6ms]
2024-03-05 11:22:27.859 [info] > git ls-files --stage -- /home/ubuntu/lab4/devops-pythonfront-back-docker/frontend-service.yaml [4ms]
2024-03-05 11:22:30.533 [info] > git show --textconv :docker-compose.yaml [8ms]
2024-03-05 11:22:30.538 [info] > git ls-files --stage -- /home/ubuntu/lab4/devops-pythonfront-back-docker/docker-compose.yaml [6ms]
2024-03-05 11:22:30.543 [info] > git cat-file -s 6a09a8e28254bf545578ba55d99516e9b866efe1 [2ms]
2024-03-05 11:22:41.078 [info] > git show --textconv :frontend-service.yaml [6ms]
2024-03-05 11:22:41.081 [info] > git ls-files --stage -- /home/ubuntu/lab4/devops-pythonfront-back-docker/frontend-service.yaml [4ms]
2024-03-05 11:22:49.543 [info] > git rev-parse --show-toplevel [2ms]
2024-03-05 11:22:49.543 [info] fatal: not a git repository (or any of the parent directories): .git
2024-03-05 11:23:45.102 [info] > git show --textconv :docker-compose.yaml [6ms]
2024-03-05 11:23:45.105 [info] > git ls-files --stage -- /home/ubuntu/lab4/devops-pythonfront-back-docker/docker-compose.yaml [4ms]
2024-03-05 11:23:45.110 [info] > git cat-file -s 6a09a8e28254bf545578ba55d99516e9b866efe1 [2ms]
2024-03-05 11:24:00.547 [info] > git rev-parse --show-toplevel [2ms]
2024-03-05 11:24:00.547 [info] fatal: not a git repository (or any of the parent directories): .git
2024-03-05 11:24:07.996 [info] > git show --textconv :frontend.yaml [5ms]
2024-03-05 11:24:07.999 [info] > git ls-files --stage -- /home/ubuntu/lab4/devops-pythonfront-back-docker/frontend.yaml [3ms]
2024-03-05 11:24:12.808 [info] > git show --textconv :frontend-service.yaml [6ms]
2024-03-05 11:24:12.811 [info] > git ls-files --stage -- /home/ubuntu/lab4/devops-pythonfront-back-docker/frontend-service.yaml [4ms]
2024-03-05 11:28:10.636 [info] > git show --textconv :backend/Dockerfile [6ms]
2024-03-05 11:28:10.643 [info] > git ls-files --stage -- /home/ubuntu/lab4/devops-pythonfront-back-docker/backend/Dockerfile [7ms]
2024-03-05 11:28:10.654 [info] > git cat-file -s aa155bc76e43b1be0ded541b90ee86c0723cd4bf [3ms]
2024-03-05 11:28:12.431 [info] > git show --textconv :backend/app.py [5ms]
2024-03-05 11:28:12.434 [info] > git ls-files --stage -- /home/ubuntu/lab4/devops-pythonfront-back-docker/backend/app.py [3ms]
2024-03-05 11:28:12.439 [info] > git cat-file -s 0b88c2db5105b4702f8f3484b8937a11dc441571 [2ms]
2024-03-05 11:28:23.072 [info] > git show --textconv :docker-compose.yaml [5ms]
2024-03-05 11:28:23.075 [info] > git ls-files --stage -- /home/ubuntu/lab4/devops-pythonfront-back-docker/docker-compose.yaml [3ms]
2024-03-05 11:28:23.080 [info] > git cat-file -s 6a09a8e28254bf545578ba55d99516e9b866efe1 [2ms]
2024-03-05 11:28:35.482 [info] > git show --textconv :frontend-service.yaml [5ms]
2024-03-05 11:28:35.485 [info] > git ls-files --stage -- /home/ubuntu/lab4/devops-pythonfront-back-docker/frontend-service.yaml [3ms]
2024-03-05 11:28:40.397 [info] > git show --textconv :frontend.yaml [5ms]
2024-03-05 11:28:40.400 [info] > git ls-files --stage -- /home/ubuntu/lab4/devops-pythonfront-back-docker/frontend.yaml [3ms]
2024-03-05 11:28:43.713 [info] > git show --textconv :docker-compose.yaml [5ms]
2024-03-05 11:28:43.716 [info] > git ls-files --stage -- /home/ubuntu/lab4/devops-pythonfront-back-docker/docker-compose.yaml [3ms]
2024-03-05 11:28:43.721 [info] > git cat-file -s 6a09a8e28254bf545578ba55d99516e9b866efe1 [1ms]
2024-03-05 11:28:46.400 [info] > git show --textconv :frontend.yaml [5ms]
2024-03-05 11:28:46.403 [info] > git ls-files --stage -- /home/ubuntu/lab4/devops-pythonfront-back-docker/frontend.yaml [3ms]
2024-03-05 11:28:50.894 [info] > git rev-parse --show-toplevel [2ms]
2024-03-05 11:28:50.894 [info] fatal: not a git repository (or any of the parent directories): .git
2024-03-05 11:31:10.955 [info] > git show --textconv :deployment.yaml [10ms]
2024-03-05 11:31:10.957 [info] > git ls-files --stage -- /home/ubuntu/lab4/devops-pythonfront-back-docker/deployment.yaml [3ms]
2024-03-05 11:31:11.178 [info] > git check-ignore -v -z --stdin [7ms]
2024-03-05 11:31:11.810 [info] > git config --get commit.template [7ms]
2024-03-05 11:31:11.815 [info] > git for-each-ref --format=%(refname)%00%(upstream:short)%00%(objectname)%00%(upstream:track)%00%(upstream:remotename)%00%(upstream:remoteref) refs/heads/main refs/remotes/main [6ms]
2024-03-05 11:31:11.823 [info] > git status -z -uall [3ms]
2024-03-05 11:35:07.724 [info] > git rev-parse --show-toplevel [2ms]
2024-03-05 11:35:07.724 [info] fatal: not a git repository (or any of the parent directories): .git
2024-03-05 11:37:22.830 [info] > git show --textconv :docker-compose.yaml [5ms]
2024-03-05 11:37:22.833 [info] > git ls-files --stage -- /home/ubuntu/lab4/devops-pythonfront-back-docker/docker-compose.yaml [3ms]
2024-03-05 11:37:22.838 [info] > git cat-file -s 6a09a8e28254bf545578ba55d99516e9b866efe1 [2ms]
2024-03-05 11:37:25.589 [info] > git show --textconv :deployment.yaml [5ms]
2024-03-05 11:37:25.592 [info] > git ls-files --stage -- /home/ubuntu/lab4/devops-pythonfront-back-docker/deployment.yaml [3ms]
2024-03-05 11:37:31.789 [info] > git config --get commit.template [5ms]
2024-03-05 11:37:31.791 [info] > git for-each-ref --format=%(refname)%00%(upstream:short)%00%(objectname)%00%(upstream:track)%00%(upstream:remotename)%00%(upstream:remoteref) refs/heads/main refs/remotes/main [3ms]
2024-03-05 11:37:31.797 [info] > git status -z -uall [2ms]
2024-03-05 11:40:32.551 [info] > git config --get commit.template [6ms]
2024-03-05 11:40:32.553 [info] > git for-each-ref --format=%(refname)%00%(upstream:short)%00%(objectname)%00%(upstream:track)%00%(upstream:remotename)%00%(upstream:remoteref) refs/heads/main refs/remotes/main [3ms]
2024-03-05 11:40:32.559 [info] > git status -z -uall [2ms]
2024-03-05 11:40:48.358 [info] > git config --get commit.template [6ms]
2024-03-05 11:40:48.360 [info] > git for-each-ref --format=%(refname)%00%(upstream:short)%00%(objectname)%00%(upstream:track)%00%(upstream:remotename)%00%(upstream:remoteref) refs/heads/main refs/remotes/main [3ms]
2024-03-05 11:40:48.368 [info] > git status -z -uall [4ms]
2024-03-05 11:40:53.384 [info] > git config --get commit.template [6ms]
2024-03-05 11:40:53.386 [info] > git for-each-ref --format=%(refname)%00%(upstream:short)%00%(objectname)%00%(upstream:track)%00%(upstream:remotename)%00%(upstream:remoteref) refs/heads/main refs/remotes/main [3ms]
2024-03-05 11:40:53.397 [info] > git status -z -uall [6ms]
2024-03-05 11:41:19.261 [info] > git config --get commit.template [6ms]
2024-03-05 11:41:19.263 [info] > git for-each-ref --format=%(refname)%00%(upstream:short)%00%(objectname)%00%(upstream:track)%00%(upstream:remotename)%00%(upstream:remoteref) refs/heads/main refs/remotes/main [2ms]
2024-03-05 11:41:19.269 [info] > git status -z -uall [2ms]
2024-03-05 11:41:24.284 [info] > git config --get commit.template [6ms]
2024-03-05 11:41:24.286 [info] > git for-each-ref --format=%(refname)%00%(upstream:short)%00%(objectname)%00%(upstream:track)%00%(upstream:remotename)%00%(upstream:remoteref) refs/heads/main refs/remotes/main [3ms]
2024-03-05 11:41:24.291 [info] > git status -z -uall [2ms]
2024-03-05 11:41:29.305 [info] > git config --get commit.template [5ms]
2024-03-05 11:41:29.307 [info] > git for-each-ref --format=%(refname)%00%(upstream:short)%00%(objectname)%00%(upstream:track)%00%(upstream:remotename)%00%(upstream:remoteref) refs/heads/main refs/remotes/main [3ms]
2024-03-05 11:41:29.312 [info] > git status -z -uall [2ms]
2024-03-05 11:41:34.327 [info] > git config --get commit.template [6ms]
2024-03-05 11:41:34.330 [info] > git for-each-ref --format=%(refname)%00%(upstream:short)%00%(objectname)%00%(upstream:track)%00%(upstream:remotename)%00%(upstream:remoteref) refs/heads/main refs/remotes/main [4ms]
2024-03-05 11:41:34.336 [info] > git status -z -uall [3ms]
2024-03-05 11:41:34.351 [info] > git show --textconv :frontend-service.yaml [6ms]
2024-03-05 11:41:34.356 [info] > git ls-files --stage -- /home/ubuntu/lab4/devops-pythonfront-back-docker/frontend-service.yaml [5ms]
2024-03-05 11:41:41.007 [info] > git show --textconv :frontend.yaml [6ms]
2024-03-05 11:41:41.010 [info] > git ls-files --stage -- /home/ubuntu/lab4/devops-pythonfront-back-docker/frontend.yaml [3ms]
2024-03-05 11:41:56.885 [info] > git rev-parse --show-toplevel [2ms]
2024-03-05 11:41:56.885 [info] fatal: not a git repository (or any of the parent directories): .git
2024-03-05 11:42:49.791 [info] > git show --textconv :deployment.yaml [5ms]
2024-03-05 11:42:49.794 [info] > git ls-files --stage -- /home/ubuntu/lab4/devops-pythonfront-back-docker/deployment.yaml [3ms]
2024-03-05 11:42:57.189 [info] > git show --textconv :frontend.yaml [5ms]
2024-03-05 11:42:57.192 [info] > git ls-files --stage -- /home/ubuntu/lab4/devops-pythonfront-back-docker/frontend.yaml [3ms]
2024-03-05 11:57:25.481 [info] > git show --textconv :deployment.yaml [6ms]
2024-03-05 11:57:25.484 [info] > git ls-files --stage -- /home/ubuntu/lab4/devops-pythonfront-back-docker/deployment.yaml [4ms]
2024-03-05 11:57:48.562 [info] > git config --get commit.template [6ms]
2024-03-05 11:57:48.564 [info] > git for-each-ref --format=%(refname)%00%(upstream:short)%00%(objectname)%00%(upstream:track)%00%(upstream:remotename)%00%(upstream:remoteref) refs/heads/main refs/remotes/main [3ms]
2024-03-05 11:57:48.572 [info] > git status -z -uall [2ms]
2024-03-05 11:58:08.721 [info] > git show --textconv :front-deployment.yaml [7ms]
2024-03-05 11:58:08.724 [info] > git ls-files --stage -- /home/ubuntu/lab4/devops-pythonfront-back-docker/front-deployment.yaml [4ms]
2024-03-05 11:58:08.963 [info] > git check-ignore -v -z --stdin [2ms]
2024-03-05 11:58:09.473 [info] > git config --get commit.template [6ms]
2024-03-05 11:58:09.475 [info] > git for-each-ref --format=%(refname)%00%(upstream:short)%00%(objectname)%00%(upstream:track)%00%(upstream:remotename)%00%(upstream:remoteref) refs/heads/main refs/remotes/main [3ms]
2024-03-05 11:58:09.482 [info] > git status -z -uall [2ms]
2024-03-05 11:58:21.815 [info] > git show --textconv :front-deployment copy.yaml [6ms]
2024-03-05 11:58:21.818 [info] > git ls-files --stage -- /home/ubuntu/lab4/devops-pythonfront-back-docker/front-deployment copy.yaml [4ms]
2024-03-05 11:58:22.154 [info] > git check-ignore -v -z --stdin [2ms]
2024-03-05 11:58:22.670 [info] > git config --get commit.template [6ms]
2024-03-05 11:58:22.672 [info] > git for-each-ref --format=%(refname)%00%(upstream:short)%00%(objectname)%00%(upstream:track)%00%(upstream:remotename)%00%(upstream:remoteref) refs/heads/main refs/remotes/main [3ms]
2024-03-05 11:58:22.678 [info] > git status -z -uall [2ms]
2024-03-05 11:58:40.415 [info] > git show --textconv :back-deployment.yaml [5ms]
2024-03-05 11:58:40.424 [info] > git ls-files --stage -- /home/ubuntu/lab4/devops-pythonfront-back-docker/back-deployment.yaml [10ms]
2024-03-05 11:58:40.665 [info] > git check-ignore -v -z --stdin [2ms]
2024-03-05 11:58:41.175 [info] > git config --get commit.template [7ms]
2024-03-05 11:58:41.177 [info] > git for-each-ref --format=%(refname)%00%(upstream:short)%00%(objectname)%00%(upstream:track)%00%(upstream:remotename)%00%(upstream:remoteref) refs/heads/main refs/remotes/main [3ms]
2024-03-05 11:58:41.183 [info] > git status -z -uall [2ms]
2024-03-05 11:58:49.960 [info] > git config --get commit.template [6ms]
2024-03-05 11:58:49.962 [info] > git for-each-ref --format=%(refname)%00%(upstream:short)%00%(objectname)%00%(upstream:track)%00%(upstream:remotename)%00%(upstream:remoteref) refs/heads/main refs/remotes/main [3ms]
2024-03-05 11:58:49.968 [info] > git status -z -uall [3ms]
2024-03-05 11:58:55.600 [info] > git config --get commit.template [6ms]
2024-03-05 11:58:55.602 [info] > git for-each-ref --format=%(refname)%00%(upstream:short)%00%(objectname)%00%(upstream:track)%00%(upstream:remotename)%00%(upstream:remoteref) refs/heads/main refs/remotes/main [2ms]
2024-03-05 11:58:55.608 [info] > git status -z -uall [2ms]
2024-03-05 11:59:02.005 [info] > git config --get commit.template [7ms]
2024-03-05 11:59:02.008 [info] > git for-each-ref --format=%(refname)%00%(upstream:short)%00%(objectname)%00%(upstream:track)%00%(upstream:remotename)%00%(upstream:remoteref) refs/heads/main refs/remotes/main [4ms]
2024-03-05 11:59:02.014 [info] > git status -z -uall [2ms]
2024-03-05 11:59:07.461 [info] > git config --get commit.template [5ms]
2024-03-05 11:59:07.463 [info] > git for-each-ref --format=%(refname)%00%(upstream:short)%00%(objectname)%00%(upstream:track)%00%(upstream:remotename)%00%(upstream:remoteref) refs/heads/main refs/remotes/main [2ms]
2024-03-05 11:59:07.469 [info] > git status -z -uall [2ms]
2024-03-05 11:59:13.022 [info] > git config --get commit.template [5ms]
2024-03-05 11:59:13.025 [info] > git for-each-ref --format=%(refname)%00%(upstream:short)%00%(objectname)%00%(upstream:track)%00%(upstream:remotename)%00%(upstream:remoteref) refs/heads/main refs/remotes/main [2ms]
2024-03-05 11:59:13.031 [info] > git status -z -uall [3ms]
2024-03-05 11:59:18.045 [info] > git config --get commit.template [5ms]
2024-03-05 11:59:18.047 [info] > git for-each-ref --format=%(refname)%00%(upstream:short)%00%(objectname)%00%(upstream:track)%00%(upstream:remotename)%00%(upstream:remoteref) refs/heads/main refs/remotes/main [3ms]
2024-03-05 11:59:18.054 [info] > git status -z -uall [4ms]
2024-03-05 11:59:23.070 [info] > git config --get commit.template [6ms]
2024-03-05 11:59:23.073 [info] > git for-each-ref --format=%(refname)%00%(upstream:short)%00%(objectname)%00%(upstream:track)%00%(upstream:remotename)%00%(upstream:remoteref) refs/heads/main refs/remotes/main [2ms]
2024-03-05 11:59:23.079 [info] > git status -z -uall [2ms]
2024-03-05 11:59:25.330 [info] > git show --textconv :backend-service.yaml [6ms]
2024-03-05 11:59:25.333 [info] > git ls-files --stage -- /home/ubuntu/lab4/devops-pythonfront-back-docker/backend-service.yaml [4ms]
2024-03-05 11:59:34.737 [info] > git show --textconv :frontend-service.yaml [5ms]
2024-03-05 11:59:34.740 [info] > git ls-files --stage -- /home/ubuntu/lab4/devops-pythonfront-back-docker/frontend-service.yaml [3ms]
2024-03-05 13:50:35.602 [info] > git rev-parse --show-toplevel [3ms]
2024-03-05 13:50:35.602 [info] fatal: not a git repository (or any of the parent directories): .git
2024-03-05 13:50:37.107 [info] > git rev-parse --show-toplevel [2ms]
2024-03-05 13:50:37.107 [info] fatal: not a git repository (or any of the parent directories): .git
2024-03-05 15:24:45.836 [info] > git rev-parse --show-toplevel [2ms]
2024-03-05 15:24:45.836 [info] fatal: not a git repository (or any of the parent directories): .git
2024-03-05 15:25:22.526 [info] > git rev-parse --show-toplevel [2ms]
2024-03-05 15:25:22.526 [info] fatal: not a git repository (or any of the parent directories): .git
2024-03-05 16:49:44.341 [info] > git rev-parse --show-toplevel [2ms]
2024-03-05 16:49:44.341 [info] fatal: not a git repository (or any of the parent directories): .git
2024-03-05 16:57:13.771 [info] > git rev-parse --show-toplevel [1ms]
2024-03-05 16:57:13.776 [info] > git rev-parse --git-dir --git-common-dir [1ms]
2024-03-05 16:57:13.790 [info] Open repository: /home/ubuntu
2024-03-05 16:57:13.801 [info] No remotes found in the git config file.
2024-03-05 16:57:13.801 [info] > git config --get commit.template [6ms]
2024-03-05 16:57:13.803 [info] > git for-each-ref --format=%(refname)%00%(upstream:short)%00%(objectname)%00%(upstream:track)%00%(upstream:remotename)%00%(upstream:remoteref) refs/heads/master refs/remotes/master [3ms]
2024-03-05 16:57:14.153 [info] > git show --textconv :k8s/nginx-pod.yaml [9ms]
2024-03-05 16:57:14.157 [info] > git ls-files --stage -- /home/ubuntu/k8s/nginx-pod.yaml [4ms]
2024-03-05 16:57:14.345 [info] > git check-ignore -v -z --stdin [6ms]
2024-03-05 16:57:14.348 [info] > git check-ignore -v -z --stdin [4ms]
2024-03-05 16:57:14.805 [info] > git status -z -uall [998ms]
2024-03-05 16:57:16.322 [info] > git config --get commit.template [27ms]
2024-03-05 16:57:16.374 [info] No remotes found in the git config file.
2024-03-05 16:57:16.397 [info] > git for-each-ref --format=%(refname)%00%(upstream:short)%00%(objectname)%00%(upstream:track)%00%(upstream:remotename)%00%(upstream:remoteref) refs/heads/master refs/remotes/master [23ms]
2024-03-05 16:57:16.596 [info] > git status -z -uall [184ms]
2024-03-05 16:57:19.293 [info] No remotes found in the git config file.
2024-03-05 16:57:19.295 [info] > git config --get commit.template [9ms]
2024-03-05 16:57:19.297 [info] > git for-each-ref --format=%(refname)%00%(upstream:short)%00%(objectname)%00%(upstream:track)%00%(upstream:remotename)%00%(upstream:remoteref) refs/heads/master refs/remotes/master [4ms]
2024-03-05 16:57:19.354 [info] > git status -z -uall [52ms]
2024-03-05 16:57:44.219 [info] No remotes found in the git config file.
2024-03-05 16:57:44.220 [info] > git config --get commit.template [7ms]
2024-03-05 16:57:44.221 [info] > git for-each-ref --format=%(refname)%00%(upstream:short)%00%(objectname)%00%(upstream:track)%00%(upstream:remotename)%00%(upstream:remoteref) refs/heads/master refs/remotes/master [2ms]
2024-03-05 16:57:44.287 [info] > git status -z -uall [61ms]
2024-03-05 16:57:49.414 [info] No remotes found in the git config file.
2024-03-05 16:57:49.415 [info] > git config --get commit.template [7ms]
2024-03-05 16:57:49.417 [info] > git for-each-ref --format=%(refname)%00%(upstream:short)%00%(objectname)%00%(upstream:track)%00%(upstream:remotename)%00%(upstream:remoteref) refs/heads/master refs/remotes/master [3ms]
2024-03-05 16:57:49.471 [info] > git status -z -uall [49ms]
2024-03-05 16:57:54.590 [info] No remotes found in the git config file.
2024-03-05 16:57:54.591 [info] > git config --get commit.template [8ms]
2024-03-05 16:57:54.596 [info] > git for-each-ref --format=%(refname)%00%(upstream:short)%00%(objectname)%00%(upstream:track)%00%(upstream:remotename)%00%(upstream:remoteref) refs/heads/master refs/remotes/master [6ms]
2024-03-05 16:57:54.707 [info] > git status -z -uall [102ms]
